Build started 3/7/2016 10:12:18 AM.
     1>Project "C:\Users\17WBE01\Documents\GitHub\Component-Based-Game-Engine\coolGameEngine\coolGameEngine\coolGameEngine.vcxproj" on node 2 (Build target(s)).
     1>ClCompile:
         C:\Program Files (x86)\Microsoft Visual Studio 12.0\VC\bin\CL.exe /c /I"C:\Program Files\boost\boost_1_60_0" /I"C:\SFML-2.3.2\include" /I"C:\SFML-2.3.2\include" /ZI /nologo /W3 /WX- /sdl /Od /Oy- /D WIN32 /D _DEBUG /D _CONSOLE /D _LIB /D _UNICODE /D UNICODE /Gm /EHsc /RTC1 /MDd /GS /fp:precise /Zc:wchar_t /Zc:forScope /Fo"Debug\\" /Fd"Debug\vc120.pdb" /Gd /TP /analyze- /errorReport:prompt BaseController.cpp BaseState.cpp Entity.cpp Game.cpp Property.cpp Render.cpp StateLevel.cpp StateLoading.cpp StateMenu.cpp StateReInit.cpp StateStatic.cpp SystemManager.cpp main.cpp
         main.cpp
     1>c:\users\17wbe01\documents\github\component-based-game-engine\coolgameengine\coolgameengine\property.h(51): error C2065: 'Entity' : undeclared identifier
     1>c:\users\17wbe01\documents\github\component-based-game-engine\coolgameengine\coolgameengine\property.h(51): error C2923: 'std::vector' : 'Entity' is not a valid template type argument for parameter '_Ty'
         SystemManager.cpp
     1>c:\users\17wbe01\documents\github\component-based-game-engine\coolgameengine\coolgameengine\systemmanager.cpp(22): warning C4018: '<' : signed/unsigned mismatch
     1>c:\users\17wbe01\documents\github\component-based-game-engine\coolgameengine\coolgameengine\systemmanager.cpp(29): warning C4018: '<' : signed/unsigned mismatch
     1>c:\users\17wbe01\documents\github\component-based-game-engine\coolgameengine\coolgameengine\systemmanager.cpp(36): warning C4018: '<' : signed/unsigned mismatch
     1>c:\users\17wbe01\documents\github\component-based-game-engine\coolgameengine\coolgameengine\systemmanager.cpp(43): warning C4018: '<' : signed/unsigned mismatch
     1>c:\users\17wbe01\documents\github\component-based-game-engine\coolgameengine\coolgameengine\systemmanager.cpp(87): warning C4018: '<' : signed/unsigned mismatch
     1>c:\users\17wbe01\documents\github\component-based-game-engine\coolgameengine\coolgameengine\systemmanager.cpp(104): warning C4018: '<' : signed/unsigned mismatch
     1>c:\users\17wbe01\documents\github\component-based-game-engine\coolgameengine\coolgameengine\systemmanager.cpp(121): warning C4018: '<' : signed/unsigned mismatch
     1>c:\users\17wbe01\documents\github\component-based-game-engine\coolgameengine\coolgameengine\systemmanager.cpp(138): warning C4018: '<' : signed/unsigned mismatch
     1>c:\users\17wbe01\documents\github\component-based-game-engine\coolgameengine\coolgameengine\systemmanager.cpp(155): warning C4018: '<' : signed/unsigned mismatch
     1>c:\users\17wbe01\documents\github\component-based-game-engine\coolgameengine\coolgameengine\systemmanager.cpp(172): warning C4018: '<' : signed/unsigned mismatch
     1>c:\users\17wbe01\documents\github\component-based-game-engine\coolgameengine\coolgameengine\systemmanager.cpp(189): warning C4018: '<' : signed/unsigned mismatch
     1>c:\users\17wbe01\documents\github\component-based-game-engine\coolgameengine\coolgameengine\systemmanager.cpp(206): warning C4018: '<' : signed/unsigned mismatch
     1>c:\users\17wbe01\documents\github\component-based-game-engine\coolgameengine\coolgameengine\systemmanager.cpp(223): warning C4018: '<' : signed/unsigned mismatch
     1>c:\users\17wbe01\documents\github\component-based-game-engine\coolgameengine\coolgameengine\systemmanager.cpp(243): warning C4018: '<' : signed/unsigned mismatch
     1>c:\users\17wbe01\documents\github\component-based-game-engine\coolgameengine\coolgameengine\systemmanager.cpp(247): error C2780: 'T Property::getData(int)' : expects 1 arguments - 0 provided
                 c:\users\17wbe01\documents\github\component-based-game-engine\coolgameengine\coolgameengine\property.h(22) : see declaration of 'Property::getData'
     1>c:\users\17wbe01\documents\github\component-based-game-engine\coolgameengine\coolgameengine\systemmanager.cpp(247): error C2783: 'std::vector<T,std::allocator<_Ty>> Property::getData(void)' : could not deduce template argument for 'T'
                 c:\users\17wbe01\documents\github\component-based-game-engine\coolgameengine\coolgameengine\property.h(20) : see declaration of 'Property::getData'
     1>c:\users\17wbe01\documents\github\component-based-game-engine\coolgameengine\coolgameengine\systemmanager.cpp(247): error C2228: left of '.at' must have class/struct/union
     1>c:\users\17wbe01\documents\github\component-based-game-engine\coolgameengine\coolgameengine\systemmanager.cpp(253): error C2780: 'T Property::getData(int)' : expects 1 arguments - 0 provided
                 c:\users\17wbe01\documents\github\component-based-game-engine\coolgameengine\coolgameengine\property.h(22) : see declaration of 'Property::getData'
     1>c:\users\17wbe01\documents\github\component-based-game-engine\coolgameengine\coolgameengine\systemmanager.cpp(253): error C2783: 'std::vector<T,std::allocator<_Ty>> Property::getData(void)' : could not deduce template argument for 'T'
                 c:\users\17wbe01\documents\github\component-based-game-engine\coolgameengine\coolgameengine\property.h(20) : see declaration of 'Property::getData'
     1>c:\users\17wbe01\documents\github\component-based-game-engine\coolgameengine\coolgameengine\systemmanager.cpp(253): error C2228: left of '.at' must have class/struct/union
     1>c:\users\17wbe01\documents\github\component-based-game-engine\coolgameengine\coolgameengine\systemmanager.cpp(266): warning C4018: '<' : signed/unsigned mismatch
     1>c:\users\17wbe01\documents\github\component-based-game-engine\coolgameengine\coolgameengine\systemmanager.cpp(281): warning C4018: '<' : signed/unsigned mismatch
     1>c:\users\17wbe01\documents\github\component-based-game-engine\coolgameengine\coolgameengine\systemmanager.cpp(296): warning C4018: '<' : signed/unsigned mismatch
     1>c:\users\17wbe01\documents\github\component-based-game-engine\coolgameengine\coolgameengine\systemmanager.cpp(311): warning C4018: '<' : signed/unsigned mismatch
     1>c:\users\17wbe01\documents\github\component-based-game-engine\coolgameengine\coolgameengine\systemmanager.cpp(326): warning C4018: '<' : signed/unsigned mismatch
         StateStatic.cpp
     1>c:\users\17wbe01\documents\github\component-based-game-engine\coolgameengine\coolgameengine\property.h(51): error C2065: 'Entity' : undeclared identifier
     1>c:\users\17wbe01\documents\github\component-based-game-engine\coolgameengine\coolgameengine\property.h(51): error C2923: 'std::vector' : 'Entity' is not a valid template type argument for parameter '_Ty'
     1>c:\users\17wbe01\documents\github\component-based-game-engine\coolgameengine\coolgameengine\statestatic.cpp(43): warning C4244: 'argument' : conversion from 'double' to 'DWORD', possible loss of data
         StateReInit.cpp
     1>c:\users\17wbe01\documents\github\component-based-game-engine\coolgameengine\coolgameengine\statereinit.cpp : fatal error C1041: cannot open program database 'c:\users\17wbe01\documents\github\component-based-game-engine\coolgameengine\coolgameengine\debug\vc120.idb'; if multiple CL.EXE write to the same .PDB file, please use /FS
         StateMenu.cpp
     1>c:\users\17wbe01\documents\github\component-based-game-engine\coolgameengine\coolgameengine\property.h(51): error C2065: 'Entity' : undeclared identifier
     1>c:\users\17wbe01\documents\github\component-based-game-engine\coolgameengine\coolgameengine\property.h(51): error C2923: 'std::vector' : 'Entity' is not a valid template type argument for parameter '_Ty'
         StateLoading.cpp
     1>c:\users\17wbe01\documents\github\component-based-game-engine\coolgameengine\coolgameengine\property.h(51): error C2065: 'Entity' : undeclared identifier
     1>c:\users\17wbe01\documents\github\component-based-game-engine\coolgameengine\coolgameengine\property.h(51): error C2923: 'std::vector' : 'Entity' is not a valid template type argument for parameter '_Ty'
     1>c:\users\17wbe01\documents\github\component-based-game-engine\coolgameengine\coolgameengine\statestatic.h(6): error C2236: unexpected token 'class'. Did you forget a ';'?
     1>c:\users\17wbe01\documents\github\component-based-game-engine\coolgameengine\coolgameengine\statestatic.h(6): error C2143: syntax error : missing ';' before ':'
     1>c:\users\17wbe01\documents\github\component-based-game-engine\coolgameengine\coolgameengine\statestatic.h(6): error C2059: syntax error : ':'
     1>c:\users\17wbe01\documents\github\component-based-game-engine\coolgameengine\coolgameengine\statestatic.h(6): error C2059: syntax error : 'public'
     1>c:\users\17wbe01\documents\github\component-based-game-engine\coolgameengine\coolgameengine\statestatic.h(7): error C2143: syntax error : missing ';' before '{'
     1>c:\users\17wbe01\documents\github\component-based-game-engine\coolgameengine\coolgameengine\statestatic.h(7): error C2447: '{' : missing function header (old-style formal list?)
     1>c:\users\17wbe01\documents\github\component-based-game-engine\coolgameengine\coolgameengine\stateloading.cpp(75): warning C4018: '<' : signed/unsigned mismatch
     1>c:\users\17wbe01\documents\github\component-based-game-engine\coolgameengine\coolgameengine\stateloading.cpp(96): warning C4018: '<' : signed/unsigned mismatch
     1>c:\users\17wbe01\documents\github\component-based-game-engine\coolgameengine\coolgameengine\stateloading.cpp(125): warning C4018: '<' : signed/unsigned mismatch
     1>c:\users\17wbe01\documents\github\component-based-game-engine\coolgameengine\coolgameengine\stateloading.cpp(208): warning C4018: '<' : signed/unsigned mismatch
     1>c:\users\17wbe01\documents\github\component-based-game-engine\coolgameengine\coolgameengine\stateloading.cpp(215): warning C4018: '<' : signed/unsigned mismatch
     1>c:\users\17wbe01\documents\github\component-based-game-engine\coolgameengine\coolgameengine\stateloading.cpp(223): warning C4018: '<' : signed/unsigned mismatch
     1>c:\users\17wbe01\documents\github\component-based-game-engine\coolgameengine\coolgameengine\stateloading.cpp(231): warning C4018: '<' : signed/unsigned mismatch
     1>c:\users\17wbe01\documents\github\component-based-game-engine\coolgameengine\coolgameengine\stateloading.cpp(243): warning C4018: '<' : signed/unsigned mismatch
     1>c:\users\17wbe01\documents\github\component-based-game-engine\coolgameengine\coolgameengine\stateloading.cpp(251): warning C4018: '<' : signed/unsigned mismatch
     1>c:\users\17wbe01\documents\github\component-based-game-engine\coolgameengine\coolgameengine\stateloading.cpp(260): warning C4018: '<' : signed/unsigned mismatch
     1>c:\users\17wbe01\documents\github\component-based-game-engine\coolgameengine\coolgameengine\stateloading.cpp(269): warning C4018: '<' : signed/unsigned mismatch
     1>c:\users\17wbe01\documents\github\component-based-game-engine\coolgameengine\coolgameengine\stateloading.cpp(278): warning C4018: '<' : signed/unsigned mismatch
     1>c:\users\17wbe01\documents\github\component-based-game-engine\coolgameengine\coolgameengine\stateloading.cpp(287): warning C4018: '<' : signed/unsigned mismatch
     1>c:\users\17wbe01\documents\github\component-based-game-engine\coolgameengine\coolgameengine\stateloading.cpp(296): warning C4018: '<' : signed/unsigned mismatch
     1>c:\users\17wbe01\documents\github\component-based-game-engine\coolgameengine\coolgameengine\stateloading.cpp(308): warning C4018: '<' : signed/unsigned mismatch
     1>c:\users\17wbe01\documents\github\component-based-game-engine\coolgameengine\coolgameengine\stateloading.cpp(310): error C2259: 'sf::Shape' : cannot instantiate abstract class
                 due to following members:
                 'size_t sf::Shape::getPointCount(void) const' : is abstract
                 c:\sfml-2.3.2\include\sfml\graphics\shape.hpp(196) : see declaration of 'sf::Shape::getPointCount'
                 'sf::Vector2f sf::Shape::getPoint(size_t) const' : is abstract
                 c:\sfml-2.3.2\include\sfml\graphics\shape.hpp(213) : see declaration of 'sf::Shape::getPoint'
     1>c:\users\17wbe01\documents\github\component-based-game-engine\coolgameengine\coolgameengine\stateloading.cpp(310): error C2248: 'sf::Shape::Shape' : cannot access protected member declared in class 'sf::Shape'
                 c:\sfml-2.3.2\include\sfml\graphics\shape.hpp(256) : see declaration of 'sf::Shape::Shape'
                 c:\sfml-2.3.2\include\sfml\graphics\shape.hpp(44) : see declaration of 'sf::Shape'
     1>c:\users\17wbe01\documents\github\component-based-game-engine\coolgameengine\coolgameengine\stateloading.cpp(320): warning C4018: '<' : signed/unsigned mismatch
     1>c:\users\17wbe01\documents\github\component-based-game-engine\coolgameengine\coolgameengine\stateloading.cpp(331): warning C4018: '<' : signed/unsigned mismatch
     1>c:\users\17wbe01\documents\github\component-based-game-engine\coolgameengine\coolgameengine\stateloading.cpp(363): error C2275: 'std::vector<std::string,std::allocator<_Ty>>' : illegal use of this type as an expression
                 with
                 [
                     _Ty=std::string
                 ]
     1>c:\users\17wbe01\documents\github\component-based-game-engine\coolgameengine\coolgameengine\stateloading.cpp(381): warning C4018: '<' : signed/unsigned mismatch
     1>c:\users\17wbe01\documents\github\component-based-game-engine\coolgameengine\coolgameengine\stateloading.cpp(384): warning C4018: '<' : signed/unsigned mismatch
     1>c:\users\17wbe01\documents\github\component-based-game-engine\coolgameengine\coolgameengine\stateloading.cpp(483): error C2259: 'sf::Shape' : cannot instantiate abstract class
                 due to following members:
                 'size_t sf::Shape::getPointCount(void) const' : is abstract
                 c:\sfml-2.3.2\include\sfml\graphics\shape.hpp(196) : see declaration of 'sf::Shape::getPointCount'
                 'sf::Vector2f sf::Shape::getPoint(size_t) const' : is abstract
                 c:\sfml-2.3.2\include\sfml\graphics\shape.hpp(213) : see declaration of 'sf::Shape::getPoint'
     1>c:\users\17wbe01\documents\github\component-based-game-engine\coolgameengine\coolgameengine\stateloading.cpp(483): error C2248: 'sf::Shape::Shape' : cannot access protected member declared in class 'sf::Shape'
                 c:\sfml-2.3.2\include\sfml\graphics\shape.hpp(256) : see declaration of 'sf::Shape::Shape'
                 c:\sfml-2.3.2\include\sfml\graphics\shape.hpp(44) : see declaration of 'sf::Shape'
     1>c:\users\17wbe01\documents\github\component-based-game-engine\coolgameengine\coolgameengine\stateloading.cpp(484): error C2893: Failed to specialize function template 'void Property::addData(T)'
                 With the following template arguments:
                 'T=sf::Shape'
     1>c:\users\17wbe01\documents\github\component-based-game-engine\coolgameengine\coolgameengine\stateloading.cpp(499): error C2228: left of '.at' must have class/struct/union
                 type is 'void'
     1>c:\users\17wbe01\documents\github\component-based-game-engine\coolgameengine\coolgameengine\stateloading.cpp(548): warning C4018: '<' : signed/unsigned mismatch
     1>c:\users\17wbe01\documents\github\component-based-game-engine\coolgameengine\coolgameengine\stateloading.cpp(549): error C2664: 'void std::vector<Property *,std::allocator<_Ty>>::push_back(Property *const &)' : cannot convert argument 1 from 'Entity *' to 'Property *&&'
                 with
                 [
                     _Ty=Property *
                 ]
                 Reason: cannot convert from 'Entity *' to 'Property *'
                 Types pointed to are unrelated; conversion requires reinterpret_cast, C-style cast or function-style cast
     1>c:\users\17wbe01\documents\github\component-based-game-engine\coolgameengine\coolgameengine\stateloading.cpp(552): error C2664: 'void BaseController::setRequiredProperties(std::vector<BaseComponent *,std::allocator<_Ty>> *)' : cannot convert argument 1 from 'std::vector<Property *,std::allocator<_Ty>> *' to 'std::vector<BaseComponent *,std::allocator<_Ty>> *'
                 with
                 [
                     _Ty=BaseComponent *
                 ]
                 and
                 [
                     _Ty=Property *
                 ]
                 and
                 [
                     _Ty=BaseComponent *
                 ]
                 Types pointed to are unrelated; conversion requires reinterpret_cast, C-style cast or function-style cast
     1>c:\users\17wbe01\documents\github\component-based-game-engine\coolgameengine\coolgameengine\stateloading.cpp(581): error C3867: 'std::basic_string<char,std::char_traits<char>,std::allocator<char>>::c_str': function call missing argument list; use '&std::basic_string<char,std::char_traits<char>,std::allocator<char>>::c_str' to create a pointer to member
     1>c:\users\17wbe01\documents\github\component-based-game-engine\coolgameengine\coolgameengine\stateloading.cpp(590): error C2061: syntax error : identifier 'StateStatic'
         StateLevel.cpp
     1>c:\users\17wbe01\documents\github\component-based-game-engine\coolgameengine\coolgameengine\property.h(51): error C2065: 'Entity' : undeclared identifier
     1>c:\users\17wbe01\documents\github\component-based-game-engine\coolgameengine\coolgameengine\property.h(51): error C2923: 'std::vector' : 'Entity' is not a valid template type argument for parameter '_Ty'
         Render.cpp
     1>c:\users\17wbe01\documents\github\component-based-game-engine\coolgameengine\coolgameengine\property.h(51): error C2065: 'Entity' : undeclared identifier
     1>c:\users\17wbe01\documents\github\component-based-game-engine\coolgameengine\coolgameengine\property.h(51): error C2923: 'std::vector' : 'Entity' is not a valid template type argument for parameter '_Ty'
     1>c:\users\17wbe01\documents\github\component-based-game-engine\coolgameengine\coolgameengine\entity.h(21): error C2061: syntax error : identifier 'BaseController'
     1>c:\users\17wbe01\documents\github\component-based-game-engine\coolgameengine\coolgameengine\entity.h(25): error C2061: syntax error : identifier 'BaseController'
     1>c:\users\17wbe01\documents\github\component-based-game-engine\coolgameengine\coolgameengine\entity.h(35): error C2143: syntax error : missing ';' before '*'
     1>c:\users\17wbe01\documents\github\component-based-game-engine\coolgameengine\coolgameengine\entity.h(35): error C4430: missing type specifier - int assumed. Note: C++ does not support default-int
     1>c:\users\17wbe01\documents\github\component-based-game-engine\coolgameengine\coolgameengine\entity.h(35): warning C4183: 'getController': missing return type; assumed to be a member function returning 'int'
     1>c:\users\17wbe01\documents\github\component-based-game-engine\coolgameengine\coolgameengine\entity.h(40): error C2065: 'BaseController' : undeclared identifier
     1>c:\users\17wbe01\documents\github\component-based-game-engine\coolgameengine\coolgameengine\entity.h(40): error C2059: syntax error : '>'
     1>c:\users\17wbe01\documents\github\component-based-game-engine\coolgameengine\coolgameengine\entity.h(40): error C2976: 'std::vector' : too few template arguments
                 c:\program files (x86)\microsoft visual studio 12.0\vc\include\vector(650) : see declaration of 'std::vector'
     1>c:\users\17wbe01\documents\github\component-based-game-engine\coolgameengine\coolgameengine\render.cpp(39): error C2783: 'T Property::getData(int)' : could not deduce template argument for 'T'
                 c:\users\17wbe01\documents\github\component-based-game-engine\coolgameengine\coolgameengine\property.h(22) : see declaration of 'Property::getData'
     1>c:\users\17wbe01\documents\github\component-based-game-engine\coolgameengine\coolgameengine\render.cpp(39): error C2780: 'std::vector<T,std::allocator<_Ty>> Property::getData(void)' : expects 0 arguments - 1 provided
                 c:\users\17wbe01\documents\github\component-based-game-engine\coolgameengine\coolgameengine\property.h(20) : see declaration of 'Property::getData'
     1>c:\users\17wbe01\documents\github\component-based-game-engine\coolgameengine\coolgameengine\render.cpp(40): error C2783: 'T Property::getData(int)' : could not deduce template argument for 'T'
                 c:\users\17wbe01\documents\github\component-based-game-engine\coolgameengine\coolgameengine\property.h(22) : see declaration of 'Property::getData'
     1>c:\users\17wbe01\documents\github\component-based-game-engine\coolgameengine\coolgameengine\render.cpp(40): error C2780: 'std::vector<T,std::allocator<_Ty>> Property::getData(void)' : expects 0 arguments - 1 provided
                 c:\users\17wbe01\documents\github\component-based-game-engine\coolgameengine\coolgameengine\property.h(20) : see declaration of 'Property::getData'
     1>c:\users\17wbe01\documents\github\component-based-game-engine\coolgameengine\coolgameengine\render.cpp(41): error C2783: 'T Property::getData(int)' : could not deduce template argument for 'T'
                 c:\users\17wbe01\documents\github\component-based-game-engine\coolgameengine\coolgameengine\property.h(22) : see declaration of 'Property::getData'
     1>c:\users\17wbe01\documents\github\component-based-game-engine\coolgameengine\coolgameengine\render.cpp(41): error C2780: 'std::vector<T,std::allocator<_Ty>> Property::getData(void)' : expects 0 arguments - 1 provided
                 c:\users\17wbe01\documents\github\component-based-game-engine\coolgameengine\coolgameengine\property.h(20) : see declaration of 'Property::getData'
     1>c:\users\17wbe01\documents\github\component-based-game-engine\coolgameengine\coolgameengine\render.cpp(42): error C2783: 'T Property::getData(int)' : could not deduce template argument for 'T'
                 c:\users\17wbe01\documents\github\component-based-game-engine\coolgameengine\coolgameengine\property.h(22) : see declaration of 'Property::getData'
     1>c:\users\17wbe01\documents\github\component-based-game-engine\coolgameengine\coolgameengine\render.cpp(42): error C2780: 'std::vector<T,std::allocator<_Ty>> Property::getData(void)' : expects 0 arguments - 1 provided
                 c:\users\17wbe01\documents\github\component-based-game-engine\coolgameengine\coolgameengine\property.h(20) : see declaration of 'Property::getData'
     1>c:\users\17wbe01\documents\github\component-based-game-engine\coolgameengine\coolgameengine\render.cpp(80): error C2783: 'T Property::getData(int)' : could not deduce template argument for 'T'
                 c:\users\17wbe01\documents\github\component-based-game-engine\coolgameengine\coolgameengine\property.h(22) : see declaration of 'Property::getData'
     1>c:\users\17wbe01\documents\github\component-based-game-engine\coolgameengine\coolgameengine\render.cpp(80): error C2780: 'std::vector<T,std::allocator<_Ty>> Property::getData(void)' : expects 0 arguments - 1 provided
                 c:\users\17wbe01\documents\github\component-based-game-engine\coolgameengine\coolgameengine\property.h(20) : see declaration of 'Property::getData'
     1>c:\users\17wbe01\documents\github\component-based-game-engine\coolgameengine\coolgameengine\render.cpp(80): error C2228: left of '.move' must have class/struct/union
                 c:\users\17wbe01\documents\github\component-based-game-engine\coolgameengine\coolgameengine\property.h(22) : see declaration of 'Property::getData'
                 c:\users\17wbe01\documents\github\component-based-game-engine\coolgameengine\coolgameengine\property.h(20) : see declaration of 'Property::getData'
                 c:\users\17wbe01\documents\github\component-based-game-engine\coolgameengine\coolgameengine\property.h(22) : see declaration of 'Property::getData'
                 c:\users\17wbe01\documents\github\component-based-game-engine\coolgameengine\coolgameengine\property.h(20) : see declaration of 'Property::getData'
     1>c:\users\17wbe01\documents\github\component-based-game-engine\coolgameengine\coolgameengine\render.cpp(81): error C2664: 'void sf::RenderTarget::draw(const sf::Vertex *,size_t,sf::PrimitiveType,const sf::RenderStates &)' : cannot convert argument 1 from 'Property *' to 'const sf::Drawable &'
                 Reason: cannot convert from 'Property *' to 'const sf::Drawable'
                 No constructor could take the source type, or constructor overload resolution was ambiguous
         Property.cpp
     1>c:\users\17wbe01\documents\github\component-based-game-engine\coolgameengine\coolgameengine\entity.h(20): error C2061: syntax error : identifier 'Property'
     1>c:\users\17wbe01\documents\github\component-based-game-engine\coolgameengine\coolgameengine\entity.h(24): error C2061: syntax error : identifier 'Property'
     1>c:\users\17wbe01\documents\github\component-based-game-engine\coolgameengine\coolgameengine\entity.h(34): error C2143: syntax error : missing ';' before '*'
     1>c:\users\17wbe01\documents\github\component-based-game-engine\coolgameengine\coolgameengine\entity.h(34): error C4430: missing type specifier - int assumed. Note: C++ does not support default-int
     1>c:\users\17wbe01\documents\github\component-based-game-engine\coolgameengine\coolgameengine\entity.h(34): warning C4183: 'getComponent': missing return type; assumed to be a member function returning 'int'
     1>c:\users\17wbe01\documents\github\component-based-game-engine\coolgameengine\coolgameengine\entity.h(39): error C2065: 'Property' : undeclared identifier
     1>c:\users\17wbe01\documents\github\component-based-game-engine\coolgameengine\coolgameengine\entity.h(39): error C2059: syntax error : '>'
     1>c:\users\17wbe01\documents\github\component-based-game-engine\coolgameengine\coolgameengine\entity.h(39): error C2976: 'std::vector' : too few template arguments
                 c:\program files (x86)\microsoft visual studio 12.0\vc\include\vector(650) : see declaration of 'std::vector'
     1>c:\users\17wbe01\documents\github\component-based-game-engine\coolgameengine\coolgameengine\property.cpp(20): error C2244: 'Property::~Property' : unable to match function definition to an existing declaration
                 c:\users\17wbe01\documents\github\component-based-game-engine\coolgameengine\coolgameengine\property.h(12) : see declaration of 'Property::~Property'
                 definition
                 'Property::~Property(void)'
                 existing declarations
                 'Property::~Property(void)'
     1>c:\users\17wbe01\documents\github\component-based-game-engine\coolgameengine\coolgameengine\property.cpp(257): error C2244: 'Property::deleteData' : unable to match function definition to an existing declaration
                 definition
                 'void Property::deleteData(void)'
                 existing declarations
                 'void Property::deleteData(T)'
                 'void Property::deleteData(void)'
     1>c:\users\17wbe01\documents\github\component-based-game-engine\coolgameengine\coolgameengine\property.cpp(477): error C2244: 'Property::deleteDataPosition' : unable to match function definition to an existing declaration
                 c:\users\17wbe01\documents\github\component-based-game-engine\coolgameengine\coolgameengine\property.h(26) : see declaration of 'Property::deleteDataPosition'
                 definition
                 'void Property::deleteDataPosition(int)'
                 existing declarations
                 'void Property::deleteDataPosition(int)'
         Game.cpp
     1>c:\users\17wbe01\documents\github\component-based-game-engine\coolgameengine\coolgameengine\property.h(51): error C2065: 'Entity' : undeclared identifier
     1>c:\users\17wbe01\documents\github\component-based-game-engine\coolgameengine\coolgameengine\property.h(51): error C2923: 'std::vector' : 'Entity' is not a valid template type argument for parameter '_Ty'
     1>c:\users\17wbe01\documents\github\component-based-game-engine\coolgameengine\coolgameengine\game.cpp(18): error C2533: 'Game::{ctor}' : constructors not allowed a return type
     1>c:\users\17wbe01\documents\github\component-based-game-engine\coolgameengine\coolgameengine\game.cpp(19): error C2039: 'windowResolution' : is not a member of 'sf'
     1>c:\users\17wbe01\documents\github\component-based-game-engine\coolgameengine\coolgameengine\game.cpp(20): error C2039: 'windowResolution' : is not a member of 'sf'
     1>c:\users\17wbe01\documents\github\component-based-game-engine\coolgameengine\coolgameengine\game.cpp(57): warning C4244: 'initializing' : conversion from 'time_t' to 'double', possible loss of data
     1>c:\users\17wbe01\documents\github\component-based-game-engine\coolgameengine\coolgameengine\game.cpp(63): warning C4244: 'initializing' : conversion from 'time_t' to 'double', possible loss of data
         Entity.cpp
     1>c:\users\17wbe01\documents\github\component-based-game-engine\coolgameengine\coolgameengine\property.h(51): error C2065: 'Entity' : undeclared identifier
     1>c:\users\17wbe01\documents\github\component-based-game-engine\coolgameengine\coolgameengine\property.h(51): error C2923: 'std::vector' : 'Entity' is not a valid template type argument for parameter '_Ty'
     1>c:\users\17wbe01\documents\github\component-based-game-engine\coolgameengine\coolgameengine\entity.cpp(58): warning C4018: '<' : signed/unsigned mismatch
     1>c:\users\17wbe01\documents\github\component-based-game-engine\coolgameengine\coolgameengine\entity.cpp(75): warning C4018: '<' : signed/unsigned mismatch
     1>c:\users\17wbe01\documents\github\component-based-game-engine\coolgameengine\coolgameengine\entity.cpp(92): warning C4018: '<' : signed/unsigned mismatch
     1>c:\users\17wbe01\documents\github\component-based-game-engine\coolgameengine\coolgameengine\entity.cpp(109): warning C4018: '<' : signed/unsigned mismatch
     1>c:\users\17wbe01\documents\github\component-based-game-engine\coolgameengine\coolgameengine\entity.cpp(127): warning C4018: '<' : signed/unsigned mismatch
     1>c:\users\17wbe01\documents\github\component-based-game-engine\coolgameengine\coolgameengine\entity.cpp(142): warning C4018: '<' : signed/unsigned mismatch
     1>c:\users\17wbe01\documents\github\component-based-game-engine\coolgameengine\coolgameengine\entity.cpp(157): warning C4018: '<' : signed/unsigned mismatch
     1>c:\users\17wbe01\documents\github\component-based-game-engine\coolgameengine\coolgameengine\entity.cpp(172): warning C4018: '<' : signed/unsigned mismatch
         BaseState.cpp
     1>c:\users\17wbe01\documents\github\component-based-game-engine\coolgameengine\coolgameengine\property.h(51): error C2065: 'Entity' : undeclared identifier
     1>c:\users\17wbe01\documents\github\component-based-game-engine\coolgameengine\coolgameengine\property.h(51): error C2923: 'std::vector' : 'Entity' is not a valid template type argument for parameter '_Ty'
     1>c:\users\17wbe01\documents\github\component-based-game-engine\coolgameengine\coolgameengine\basestate.cpp(80): error C3867: 'sf::RenderTarget::clear': function call missing argument list; use '&sf::RenderTarget::clear' to create a pointer to member
     1>c:\users\17wbe01\documents\github\component-based-game-engine\coolgameengine\coolgameengine\basestate.cpp(84): warning C4018: '<' : signed/unsigned mismatch
         BaseController.cpp
     1>c:\users\17wbe01\documents\github\component-based-game-engine\coolgameengine\coolgameengine\property.h(51): error C2065: 'Entity' : undeclared identifier
     1>c:\users\17wbe01\documents\github\component-based-game-engine\coolgameengine\coolgameengine\property.h(51): error C2923: 'std::vector' : 'Entity' is not a valid template type argument for parameter '_Ty'
     1>c:\users\17wbe01\documents\github\component-based-game-engine\coolgameengine\coolgameengine\entity.h(21): error C2061: syntax error : identifier 'BaseController'
     1>c:\users\17wbe01\documents\github\component-based-game-engine\coolgameengine\coolgameengine\entity.h(25): error C2061: syntax error : identifier 'BaseController'
     1>c:\users\17wbe01\documents\github\component-based-game-engine\coolgameengine\coolgameengine\entity.h(35): error C2143: syntax error : missing ';' before '*'
     1>c:\users\17wbe01\documents\github\component-based-game-engine\coolgameengine\coolgameengine\entity.h(35): error C4430: missing type specifier - int assumed. Note: C++ does not support default-int
     1>c:\users\17wbe01\documents\github\component-based-game-engine\coolgameengine\coolgameengine\entity.h(35): warning C4183: 'getController': missing return type; assumed to be a member function returning 'int'
     1>c:\users\17wbe01\documents\github\component-based-game-engine\coolgameengine\coolgameengine\entity.h(40): error C2065: 'BaseController' : undeclared identifier
     1>c:\users\17wbe01\documents\github\component-based-game-engine\coolgameengine\coolgameengine\entity.h(40): error C2059: syntax error : '>'
     1>c:\users\17wbe01\documents\github\component-based-game-engine\coolgameengine\coolgameengine\entity.h(40): error C2976: 'std::vector' : too few template arguments
                 c:\program files (x86)\microsoft visual studio 12.0\vc\include\vector(650) : see declaration of 'std::vector'
     1>c:\users\17wbe01\documents\github\component-based-game-engine\coolgameengine\coolgameengine\basecontroller.cpp(42): warning C4018: '<' : signed/unsigned mismatch
         Generating Code...
     1>Done Building Project "C:\Users\17WBE01\Documents\GitHub\Component-Based-Game-Engine\coolGameEngine\coolGameEngine\coolGameEngine.vcxproj" (Build target(s)) -- FAILED.

Build FAILED.

Time Elapsed 00:00:06.73
